#
# A fatal error has been detected by the Java Runtime Environment:
#
#  EXCEPTION_ACCESS_VIOLATION (0xc0000005) at pc=0x00007ffe4539395b, pid=11492, tid=10520
#
# JRE version: Java(TM) SE Runtime Environment (20.0+36) (build 20+36-2344)
# Java VM: Java HotSpot(TM) 64-Bit Server VM (20+36-2344, mixed mode, sharing, tiered, compressed oops, compressed class ptrs, g1 gc, windows-amd64)
# Problematic frame:
# V  [jvm.dll+0x20395b]
#
# No core dump will be written. Minidumps are not enabled by default on client versions of Windows
#
# If you would like to submit a bug report, please visit:
#   https://bugreport.java.com/bugreport/crash.jsp
#

---------------  S U M M A R Y ------------

Command Line: -Dfile.encoding=UTF-8 -XX:+ShowCodeDetailsInExceptionMessages com.example.springcore.QuanLyQuanAnApplication

Host: 12th Gen Intel(R) Core(TM) i5-12400F, 12 cores, 15G,  Windows 10 , 64 bit Build 19041 (10.0.19041.3393)
Time: Mon Sep 18 10:48:30 2023 SE Asia Standard Time elapsed time: 1.235234 seconds (0d 0h 0m 1s)

---------------  T H R E A D  ---------------

Current thread (0x000001a63efc7e60):  JavaThread "C1 CompilerThread0" daemon [_thread_in_vm, id=10520, stack(0x0000007d99700000,0x0000007d99800000)]


Current CompileTask:
C1:   1235 2207       3       org.springframework.boot.autoconfigure.AutoConfigurationMetadataLoader$PropertiesAutoConfigurationMetadata::getSet (23 bytes)

Stack: [0x0000007d99700000,0x0000007d99800000],  sp=0x0000007d997fecb0,  free space=1019k
Native frames: (J=compiled Java code, j=interpreted, Vv=VM code, C=native code)
V  [jvm.dll+0x20395b]
V  [jvm.dll+0x1eced1]
V  [jvm.dll+0x25a08b]
V  [jvm.dll+0x2584f0]
V  [jvm.dll+0x3f2895]
V  [jvm.dll+0x7f4906]
V  [jvm.dll+0x6ba5cb]
C  [ucrtbase.dll+0x21bb2]
C  [KERNEL32.DLL+0x17344]
C  [ntdll.dll+0x526b1]


siginfo: EXCEPTION_ACCESS_VIOLATION (0xc0000005), reading address 0xffffffffffffffff


Registers:
RAX=0x000001a64397f858, RBX=0x000000000000006f, RCX=0x080001a643836a40, RDX=0x000000000000ffff
RSP=0x0000007d997fecb0, RBP=0x0000000000000068, RSI=0x000001a63efe8f30, RDI=0x0000000000000378
R8 =0x0000007d997fe883, R9 =0x000000007ffef000, R10=0x00000000546c6148, R11=0xfffffffffaeda63b
R12=0x0000000000000000, R13=0x0000000000000000, R14=0x0000000000000028, R15=0x0000000000000000
RIP=0x00007ffe4539395b, EFLAGS=0x0000000000010287


Register to memory mapping:

RIP=0x00007ffe4539395b jvm.dll
RAX=0x000001a64397f858 points into unknown readable memory: 0x000001a643b06508 | 08 65 b0 43 a6 01 00 00
RBX=0x000000000000006f is an unknown value
RCX=0x080001a643836a40 is an unknown value
RDX=0x000000000000ffff is an unknown value
RSP=0x0000007d997fecb0 is pointing into the stack for thread: 0x000001a63efc7e60
RBP=0x0000000000000068 is an unknown value
RSI=0x000001a63efe8f30 points into unknown readable memory: 0x0000007d997ff0b8 | b8 f0 7f 99 7d 00 00 00
RDI=0x0000000000000378 is an unknown value
R8 =0x0000007d997fe883 is pointing into the stack for thread: 0x000001a63efc7e60
R9 =0x000000007ffef000 points into unknown readable memory: 0x00000000546c6148 | 48 61 6c 54 00 00 00 00
R10=0x00000000546c6148 is an unknown value
R11=0xfffffffffaeda63b is an unknown value
R12=0x0 is NULL
R13=0x0 is NULL
R14=0x0000000000000028 is an unknown value
R15=0x0 is NULL


Top of Stack: (sp=0x0000007d997fecb0)
0x0000007d997fecb0:   0000007d997fef70 00007ffe4598fec7
0x0000007d997fecc0:   000001a63efca300 000001a61f614b80
0x0000007d997fecd0:   0000007d997ff0b0 00007ffe4537ced1
0x0000007d997fece0:   000001a63efc7e60 000001a63efc7e60
0x0000007d997fecf0:   0000000000000000 0000007d997fee10
0x0000007d997fed00:   0000000000000000 00007ffe453ea08b
0x0000007d997fed10:   000001a6440010f0 000001a61f685610
0x0000007d997fed20:   0000007d997fee10 000001a63efc7e60
0x0000007d997fed30:   000001a63efca301 000001a61f685610
0x0000007d997fed40:   0000007d997fee00 0000000000000000
0x0000007d997fed50:   000001a63efb9760 0000000000000000
0x0000007d997fed60:   ffffffff45b81500 0000000000000000
0x0000007d997fed70:   000001a61f685610 000000033ef97900
0x0000007d997fed80:   000001a61f614b80 000001a63fd48480
0x0000007d997fed90:   000001a63efc7e60 000001a63efad5b0
0x0000007d997feda0:   0000007d0000089f 00000000000003d8
0x0000007d997fedb0:   000001a63efca390 000001a643b06528
0x0000007d997fedc0:   000001a63fccaab8 000001a63efc7e60
0x0000007d997fedd0:   000001a63fd48480 0000000000003cf4
0x0000007d997fede0:   000001a643201730 00007ffeb4eaf000
0x0000007d997fedf0:   000001a63efca350 00000000000003d8
0x0000007d997fee00:   000001a63efca390 000001a63efca738
0x0000007d997fee10:   000001a63efb9760 00007ffe45b815c8
0x0000007d997fee20:   0000007d997ff3b8 0000000700000020
0x0000007d997fee30:   0000001000000008 00000004fffffff6
0x0000007d997fee40:   000001a600000000 0000007d997ff04d
0x0000007d997fee50:   000000000000000b 000001a61d4c0000
0x0000007d997fee60:   0000000000000000 0000000000000000
0x0000007d997fee70:   0000000000000000 000001a61d4c0cc0
0x0000007d997fee80:   0000000000000003 0000000000000008
0x0000007d997fee90:   0000000000000000 00007ffeb72bdf4c
0x0000007d997feea0:   0000000000000028 0000000000000008 

Instructions: (pc=0x00007ffe4539395b)
0x00007ffe4539385b:   f1 21 6a 00 48 8b 04 1e 48 8b 88 48 05 00 00 48
0x00007ffe4539386b:   8b 49 38 e8 9d ea ff ff 48 8d 4c 24 60 c6 05 a1
0x00007ffe4539387b:   f4 99 00 01 e8 5c 95 fe ff 48 8d 4c 24 20 e8 e2
0x00007ffe4539388b:   e3 19 00 48 8b 8c 24 60 05 00 00 48 33 cc e8 52
0x00007ffe4539389b:   22 6a 00 4c 8d 9c 24 70 05 00 00 49 8b 5b 10 49
0x00007ffe453938ab:   8b 73 18 49 8b e3 5f c3 cc cc cc cc cc cc cc cc
0x00007ffe453938bb:   cc cc cc cc cc 48 89 5c 24 10 48 89 74 24 18 41
0x00007ffe453938cb:   56 48 83 ec 20 33 db 4c 8b f2 48 8b f1 39 59 08
0x00007ffe453938db:   7e 38 48 89 7c 24 30 8b fb 0f 1f 40 00 0f 1f 84
0x00007ffe453938eb:   00 00 00 00 00 48 8b 46 10 49 8b ce 4d 8b 06 48
0x00007ffe453938fb:   8b 14 38 48 8b 52 10 41 ff 10 ff c3 48 8d 7f 08
0x00007ffe4539390b:   3b 5e 08 7c e0 48 8b 7c 24 30 48 8b 5c 24 38 48
0x00007ffe4539391b:   8b 74 24 40 48 83 c4 20 41 5e c3 cc cc cc cc cc
0x00007ffe4539392b:   cc cc cc cc cc 48 89 5c 24 10 56 48 83 ec 20 33
0x00007ffe4539393b:   db 48 8b f1 39 99 80 00 00 00 7e 30 48 89 7c 24
0x00007ffe4539394b:   30 8b fb 66 90 48 8b 86 88 00 00 00 48 8b 0c 38
0x00007ffe4539395b:   48 8b 49 10 e8 9c 1e 5b 00 ff c3 48 8d 7f 08 3b
0x00007ffe4539396b:   9e 80 00 00 00 7c de 48 8b 7c 24 30 48 8b 5c 24
0x00007ffe4539397b:   38 48 83 c4 20 5e c3 cc cc cc cc cc cc cc cc cc
0x00007ffe4539398b:   cc cc cc cc cc 48 63 c1 48 8d 0d 16 f6 9c 00 48
0x00007ffe4539399b:   8b 04 c1 c3 cc 48 8d 05 71 87 75 00 c3 cc cc cc
0x00007ffe453939ab:   cc cc cc cc cc 48 8d 05 e1 83 75 00 c3 cc cc cc
0x00007ffe453939bb:   cc cc cc cc cc 48 8d 05 b1 86 75 00 c3 cc cc cc
0x00007ffe453939cb:   cc cc cc cc cc 48 8d 05 d9 87 75 00 c3 cc cc cc
0x00007ffe453939db:   cc cc cc cc cc 48 8d 05 69 88 75 00 c3 cc cc cc
0x00007ffe453939eb:   cc cc cc cc cc 48 63 c1 48 8d 0d 36 f3 99 00 48
0x00007ffe453939fb:   8b 04 c1 c3 cc 40 57 48 83 ec 20 48 8b 3d b3 ce
0x00007ffe45393a0b:   99 00 80 bf 18 06 00 00 00 74 69 48 89 5c 24 30
0x00007ffe45393a1b:   8b 19 85 db 74 59 65 48 8b 04 25 58 00 00 00 8b
0x00007ffe45393a2b:   0d 98 04 9f 00 48 89 74 24 38 48 8b 34 c8 b8 68
0x00007ffe45393a3b:   00 00 00 80 3c 30 00 75 05 e8 07 20 6a 00 8b 0d
0x00007ffe45393a4b:   89 f5 93 00 4c 8b c3 49 d3 e0 48 8d 8f f0 04 00 


Stack slot to memory mapping:
stack at sp + 0 slots: 0x0000007d997fef70 is pointing into the stack for thread: 0x000001a63efc7e60
stack at sp + 1 slots: 0x00007ffe4598fec7 jvm.dll
stack at sp + 2 slots: 0x000001a63efca300 points into unknown readable memory: 0x0000010000000002 | 02 00 00 00 00 01 00 00
stack at sp + 3 slots: 0x000001a61f614b80 points into unknown readable memory: 0x00007ffe45ada990 | 90 a9 ad 45 fe 7f 00 00
stack at sp + 4 slots: 0x0000007d997ff0b0 is pointing into the stack for thread: 0x000001a63efc7e60
stack at sp + 5 slots: 0x00007ffe4537ced1 jvm.dll
stack at sp + 6 slots: 0x000001a63efc7e60 is a thread
stack at sp + 7 slots: 0x000001a63efc7e60 is a thread


---------------  P R O C E S S  ---------------

Threads class SMR info:
_java_thread_list=0x000001a643ebeaa0, length=12, elements={
0x000001a61f615360, 0x000001a63efa4ad0, 0x000001a63efa58d0, 0x000001a63efa9690,
0x000001a63efa9fd0, 0x000001a63efad930, 0x000001a63efae270, 0x000001a63efb1c30,
0x000001a63efc7e60, 0x000001a64320de60, 0x000001a643220400, 0x000001a63efc5770
}

Java Threads: ( => current thread )
  0x000001a61f615360 JavaThread "main" [_thread_in_native, id=980, stack(0x0000007d98900000,0x0000007d98a00000)]
  0x000001a63efa4ad0 JavaThread "Reference Handler" daemon [_thread_blocked, id=1288, stack(0x0000007d99000000,0x0000007d99100000)]
  0x000001a63efa58d0 JavaThread "Finalizer" daemon [_thread_blocked, id=12788, stack(0x0000007d99100000,0x0000007d99200000)]
  0x000001a63efa9690 JavaThread "Signal Dispatcher" daemon [_thread_blocked, id=280, stack(0x0000007d99200000,0x0000007d99300000)]
  0x000001a63efa9fd0 JavaThread "Attach Listener" daemon [_thread_blocked, id=6320, stack(0x0000007d99300000,0x0000007d99400000)]
  0x000001a63efad930 JavaThread "Service Thread" daemon [_thread_blocked, id=3716, stack(0x0000007d99400000,0x0000007d99500000)]
  0x000001a63efae270 JavaThread "Monitor Deflation Thread" daemon [_thread_blocked, id=3268, stack(0x0000007d99500000,0x0000007d99600000)]
  0x000001a63efb1c30 JavaThread "C2 CompilerThread0" daemon [_thread_in_native, id=8356, stack(0x0000007d99600000,0x0000007d99700000)]
=>0x000001a63efc7e60 JavaThread "C1 CompilerThread0" daemon [_thread_in_vm, id=10520, stack(0x0000007d99700000,0x0000007d99800000)]
  0x000001a64320de60 JavaThread "Notification Thread" daemon [_thread_blocked, id=4548, stack(0x0000007d99800000,0x0000007d99900000)]
  0x000001a643220400 JavaThread "Common-Cleaner" daemon [_thread_blocked, id=11576, stack(0x0000007d99a00000,0x0000007d99b00000)]
  0x000001a63efc5770 JavaThread "C2 CompilerThread1" daemon [_thread_in_native, id=10592, stack(0x0000007d99b00000,0x0000007d99c00000)]

Other Threads:
  0x000001a63ef85680 VMThread "VM Thread" [stack: 0x0000007d98f00000,0x0000007d99000000] [id=8700]
  0x000001a6432127d0 WatcherThread "VM Periodic Task Thread" [stack: 0x0000007d99900000,0x0000007d99a00000] [id=2944]
  0x000001a61f6845d0 WorkerThread "GC Thread#0" [stack: 0x0000007d98a00000,0x0000007d98b00000] [id=12832]
  0x000001a643c745b0 WorkerThread "GC Thread#1" [stack: 0x0000007d99c00000,0x0000007d99d00000] [id=12084]
  0x000001a643c74880 WorkerThread "GC Thread#2" [stack: 0x0000007d99d00000,0x0000007d99e00000] [id=8668]
  0x000001a643cfabd0 WorkerThread "GC Thread#3" [stack: 0x0000007d99e00000,0x0000007d99f00000] [id=7988]
  0x000001a643cfbcb0 WorkerThread "GC Thread#4" [stack: 0x0000007d99f00000,0x0000007d9a000000] [id=6072]
  0x000001a643cfaea0 WorkerThread "GC Thread#5" [stack: 0x0000007d9a000000,0x0000007d9a100000] [id=6384]
  0x000001a643cfb710 WorkerThread "GC Thread#6" [stack: 0x0000007d9a200000,0x0000007d9a300000] [id=3172]
  0x000001a643cfa360 WorkerThread "GC Thread#7" [stack: 0x0000007d9a300000,0x0000007d9a400000] [id=3676]
  0x000001a643cfa900 WorkerThread "GC Thread#8" [stack: 0x0000007d9a400000,0x0000007d9a500000] [id=6964]
  0x000001a643cfa630 WorkerThread "GC Thread#9" [stack: 0x0000007d9a500000,0x0000007d9a600000] [id=9796]
  0x000001a61f696a50 ConcurrentGCThread "G1 Main Marker" [stack: 0x0000007d98b00000,0x0000007d98c00000] [id=3844]
  0x000001a61f697390 WorkerThread "G1 Conc#0" [stack: 0x0000007d98c00000,0x0000007d98d00000] [id=13248]
  0x000001a63ee45570 ConcurrentGCThread "G1 Refine#0" [stack: 0x0000007d98d00000,0x0000007d98e00000] [id=1420]
  0x000001a63ee45e20 ConcurrentGCThread "G1 Service" [stack: 0x0000007d98e00000,0x0000007d98f00000] [id=10100]

Threads with active compile tasks:
C2 CompilerThread0     1249 2121       4       jdk.internal.jimage.BasicImageReader::verifyLocation (39 bytes)
C1 CompilerThread0     1249 2207       3       org.springframework.boot.autoconfigure.AutoConfigurationMetadataLoader$PropertiesAutoConfigurationMetadata::getSet (23 bytes)
C2 CompilerThread1     1249 2037   !   4       java.net.URL::<init> (543 bytes)

VM state: not at safepoint (normal execution)

VM Mutex/Monitor currently owned by a thread: None

Heap address: 0x0000000702e00000, size: 4050 MB, Compressed Oops mode: Zero based, Oop shift amount: 3

CDS archive(s) mapped at: [0x0000000800000000-0x0000000800c60000-0x0000000800c60000), size 12976128, SharedBaseAddress: 0x0000000800000000, ArchiveRelocationMode: 0.
Compressed class space mapped at: 0x0000000801000000-0x0000000841000000, reserved size: 1073741824
Narrow klass base: 0x0000000800000000, Narrow klass shift: 0, Narrow klass range: 0x100000000

GC Precious Log:
 CardTable entry size: 512
 Card Set container configuration: InlinePtr #cards 4 size 8 Array Of Cards #cards 16 size 48 Howl #buckets 8 coarsen threshold 3686 Howl Bitmap #cards 512 size 80 coarsen threshold 460 Card regions per heap region 1 cards per card region 4096
 CPUs: 12 total, 12 available
 Memory: 16197M
 Large Page Support: Disabled
 NUMA Support: Disabled
 Compressed Oops: Enabled (Zero based)
 Heap Region Size: 2M
 Heap Min Capacity: 8M
 Heap Initial Capacity: 254M
 Heap Max Capacity: 4050M
 Pre-touch: Disabled
 Parallel Workers: 10
 Concurrent Workers: 3
 Concurrent Refinement Workers: 10
 Periodic GC: Disabled

Heap:
 garbage-first heap   total 260096K, used 28879K [0x0000000702e00000, 0x0000000800000000)
  region size 2048K, 13 young (26624K), 2 survivors (4096K)
 Metaspace       used 16441K, committed 16704K, reserved 1114112K
  class space    used 1967K, committed 2112K, reserved 1048576K

Heap Regions: E=young(eden), S=young(survivor), O=old, HS=humongous(starts), HC=humongous(continues), CS=collection set, F=free, OA=open archive, CA=closed archive, TAMS=top-at-mark-start, PB=parsable bottom
|   0|0x0000000702e00000, 0x0000000703000000, 0x0000000703000000|100%| O|  |TAMS 0x0000000702e00000| PB 0x0000000702e00000| Untracked 
|   1|0x0000000703000000, 0x0000000703200000, 0x0000000703200000|100%| O|  |TAMS 0x0000000703000000| PB 0x0000000703000000| Untracked 
|   2|0x0000000703200000, 0x0000000703400000, 0x0000000703400000|100%| O|  |TAMS 0x0000000703200000| PB 0x0000000703200000| Untracked 
|   3|0x0000000703400000, 0x000000070342b200, 0x0000000703600000|  8%| O|  |TAMS 0x0000000703400000| PB 0x0000000703400000| Untracked 
|   4|0x0000000703600000, 0x0000000703600000, 0x0000000703800000|  0%| F|  |TAMS 0x0000000703600000| PB 0x0000000703600000| Untracked 
|   5|0x0000000703800000, 0x0000000703800000, 0x0000000703a00000|  0%| F|  |TAMS 0x0000000703800000| PB 0x0000000703800000| Untracked 
|   6|0x0000000703a00000, 0x0000000703a00000, 0x0000000703c00000|  0%| F|  |TAMS 0x0000000703a00000| PB 0x0000000703a00000| Untracked 
|   7|0x0000000703c00000, 0x0000000703c00000, 0x0000000703e00000|  0%| F|  |TAMS 0x0000000703c00000| PB 0x0000000703c00000| Untracked 
|   8|0x0000000703e00000, 0x0000000703e00000, 0x0000000704000000|  0%| F|  |TAMS 0x0000000703e00000| PB 0x0000000703e00000| Untracked 
|   9|0x0000000704000000, 0x0000000704000000, 0x0000000704200000|  0%| F|  |TAMS 0x0000000704000000| PB 0x0000000704000000| Untracked 
|  10|0x0000000704200000, 0x0000000704200000, 0x0000000704400000|  0%| F|  |TAMS 0x0000000704200000| PB 0x0000000704200000| Untracked 
|  11|0x0000000704400000, 0x0000000704400000, 0x0000000704600000|  0%| F|  |TAMS 0x0000000704400000| PB 0x0000000704400000| Untracked 
|  12|0x0000000704600000, 0x0000000704600000, 0x0000000704800000|  0%| F|  |TAMS 0x0000000704600000| PB 0x0000000704600000| Untracked 
|  13|0x0000000704800000, 0x0000000704800000, 0x0000000704a00000|  0%| F|  |TAMS 0x0000000704800000| PB 0x0000000704800000| Untracked 
|  14|0x0000000704a00000, 0x0000000704a00000, 0x0000000704c00000|  0%| F|  |TAMS 0x0000000704a00000| PB 0x0000000704a00000| Untracked 
|  15|0x0000000704c00000, 0x0000000704c00000, 0x0000000704e00000|  0%| F|  |TAMS 0x0000000704c00000| PB 0x0000000704c00000| Untracked 
|  16|0x0000000704e00000, 0x0000000704e00000, 0x0000000705000000|  0%| F|  |TAMS 0x0000000704e00000| PB 0x0000000704e00000| Untracked 
|  17|0x0000000705000000, 0x0000000705000000, 0x0000000705200000|  0%| F|  |TAMS 0x0000000705000000| PB 0x0000000705000000| Untracked 
|  18|0x0000000705200000, 0x0000000705200000, 0x0000000705400000|  0%| F|  |TAMS 0x0000000705200000| PB 0x0000000705200000| Untracked 
|  19|0x0000000705400000, 0x0000000705400000, 0x0000000705600000|  0%| F|  |TAMS 0x0000000705400000| PB 0x0000000705400000| Untracked 
|  20|0x0000000705600000, 0x0000000705600000, 0x0000000705800000|  0%| F|  |TAMS 0x0000000705600000| PB 0x0000000705600000| Untracked 
|  21|0x0000000705800000, 0x0000000705800000, 0x0000000705a00000|  0%| F|  |TAMS 0x0000000705800000| PB 0x0000000705800000| Untracked 
|  22|0x0000000705a00000, 0x0000000705a00000, 0x0000000705c00000|  0%| F|  |TAMS 0x0000000705a00000| PB 0x0000000705a00000| Untracked 
|  23|0x0000000705c00000, 0x0000000705c00000, 0x0000000705e00000|  0%| F|  |TAMS 0x0000000705c00000| PB 0x0000000705c00000| Untracked 
|  24|0x0000000705e00000, 0x0000000705e00000, 0x0000000706000000|  0%| F|  |TAMS 0x0000000705e00000| PB 0x0000000705e00000| Untracked 
|  25|0x0000000706000000, 0x0000000706000000, 0x0000000706200000|  0%| F|  |TAMS 0x0000000706000000| PB 0x0000000706000000| Untracked 
|  26|0x0000000706200000, 0x0000000706200000, 0x0000000706400000|  0%| F|  |TAMS 0x0000000706200000| PB 0x0000000706200000| Untracked 
|  27|0x0000000706400000, 0x0000000706400000, 0x0000000706600000|  0%| F|  |TAMS 0x0000000706400000| PB 0x0000000706400000| Untracked 
|  28|0x0000000706600000, 0x0000000706600000, 0x0000000706800000|  0%| F|  |TAMS 0x0000000706600000| PB 0x0000000706600000| Untracked 
|  29|0x0000000706800000, 0x0000000706800000, 0x0000000706a00000|  0%| F|  |TAMS 0x0000000706800000| PB 0x0000000706800000| Untracked 
|  30|0x0000000706a00000, 0x0000000706a00000, 0x0000000706c00000|  0%| F|  |TAMS 0x0000000706a00000| PB 0x0000000706a00000| Untracked 
|  31|0x0000000706c00000, 0x0000000706c00000, 0x0000000706e00000|  0%| F|  |TAMS 0x0000000706c00000| PB 0x0000000706c00000| Untracked 
|  32|0x0000000706e00000, 0x0000000706e00000, 0x0000000707000000|  0%| F|  |TAMS 0x0000000706e00000| PB 0x0000000706e00000| Untracked 
|  33|0x0000000707000000, 0x0000000707000000, 0x0000000707200000|  0%| F|  |TAMS 0x0000000707000000| PB 0x0000000707000000| Untracked 
|  34|0x0000000707200000, 0x0000000707200000, 0x0000000707400000|  0%| F|  |TAMS 0x0000000707200000| PB 0x0000000707200000| Untracked 
|  35|0x0000000707400000, 0x0000000707400000, 0x0000000707600000|  0%| F|  |TAMS 0x0000000707400000| PB 0x0000000707400000| Untracked 
|  36|0x0000000707600000, 0x0000000707600000, 0x0000000707800000|  0%| F|  |TAMS 0x0000000707600000| PB 0x0000000707600000| Untracked 
|  37|0x0000000707800000, 0x0000000707800000, 0x0000000707a00000|  0%| F|  |TAMS 0x0000000707800000| PB 0x0000000707800000| Untracked 
|  38|0x0000000707a00000, 0x0000000707a00000, 0x0000000707c00000|  0%| F|  |TAMS 0x0000000707a00000| PB 0x0000000707a00000| Untracked 
|  39|0x0000000707c00000, 0x0000000707c00000, 0x0000000707e00000|  0%| F|  |TAMS 0x0000000707c00000| PB 0x0000000707c00000| Untracked 
|  40|0x0000000707e00000, 0x0000000707e00000, 0x0000000708000000|  0%| F|  |TAMS 0x0000000707e00000| PB 0x0000000707e00000| Untracked 
|  41|0x0000000708000000, 0x0000000708000000, 0x0000000708200000|  0%| F|  |TAMS 0x0000000708000000| PB 0x0000000708000000| Untracked 
|  42|0x0000000708200000, 0x0000000708200000, 0x0000000708400000|  0%| F|  |TAMS 0x0000000708200000| PB 0x0000000708200000| Untracked 
|  43|0x0000000708400000, 0x0000000708400000, 0x0000000708600000|  0%| F|  |TAMS 0x0000000708400000| PB 0x0000000708400000| Untracked 
|  44|0x0000000708600000, 0x0000000708600000, 0x0000000708800000|  0%| F|  |TAMS 0x0000000708600000| PB 0x0000000708600000| Untracked 
|  45|0x0000000708800000, 0x0000000708800000, 0x0000000708a00000|  0%| F|  |TAMS 0x0000000708800000| PB 0x0000000708800000| Untracked 
|  46|0x0000000708a00000, 0x0000000708a00000, 0x0000000708c00000|  0%| F|  |TAMS 0x0000000708a00000| PB 0x0000000708a00000| Untracked 
|  47|0x0000000708c00000, 0x0000000708c00000, 0x0000000708e00000|  0%| F|  |TAMS 0x0000000708c00000| PB 0x0000000708c00000| Untracked 
|  48|0x0000000708e00000, 0x0000000708e00000, 0x0000000709000000|  0%| F|  |TAMS 0x0000000708e00000| PB 0x0000000708e00000| Untracked 
|  49|0x0000000709000000, 0x0000000709000000, 0x0000000709200000|  0%| F|  |TAMS 0x0000000709000000| PB 0x0000000709000000| Untracked 
|  50|0x0000000709200000, 0x0000000709200000, 0x0000000709400000|  0%| F|  |TAMS 0x0000000709200000| PB 0x0000000709200000| Untracked 
|  51|0x0000000709400000, 0x0000000709400000, 0x0000000709600000|  0%| F|  |TAMS 0x0000000709400000| PB 0x0000000709400000| Untracked 
|  52|0x0000000709600000, 0x0000000709600000, 0x0000000709800000|  0%| F|  |TAMS 0x0000000709600000| PB 0x0000000709600000| Untracked 
|  53|0x0000000709800000, 0x0000000709800000, 0x0000000709a00000|  0%| F|  |TAMS 0x0000000709800000| PB 0x0000000709800000| Untracked 
|  54|0x0000000709a00000, 0x0000000709a00000, 0x0000000709c00000|  0%| F|  |TAMS 0x0000000709a00000| PB 0x0000000709a00000| Untracked 
|  55|0x0000000709c00000, 0x0000000709c00000, 0x0000000709e00000|  0%| F|  |TAMS 0x0000000709c00000| PB 0x0000000709c00000| Untracked 
|  56|0x0000000709e00000, 0x0000000709e00000, 0x000000070a000000|  0%| F|  |TAMS 0x0000000709e00000| PB 0x0000000709e00000| Untracked 
|  57|0x000000070a000000, 0x000000070a000000, 0x000000070a200000|  0%| F|  |TAMS 0x000000070a000000| PB 0x000000070a000000| Untracked 
|  58|0x000000070a200000, 0x000000070a200000, 0x000000070a400000|  0%| F|  |TAMS 0x000000070a200000| PB 0x000000070a200000| Untracked 
|  59|0x000000070a400000, 0x000000070a400000, 0x000000070a600000|  0%| F|  |TAMS 0x000000070a400000| PB 0x000000070a400000| Untracked 
|  60|0x000000070a600000, 0x000000070a600000, 0x000000070a800000|  0%| F|  |TAMS 0x000000070a600000| PB 0x000000070a600000| Untracked 
|  61|0x000000070a800000, 0x000000070a800000, 0x000000070aa00000|  0%| F|  |TAMS 0x000000070a800000| PB 0x000000070a800000| Untracked 
|  62|0x000000070aa00000, 0x000000070aa00000, 0x000000070ac00000|  0%| F|  |TAMS 0x000000070aa00000| PB 0x000000070aa00000| Untracked 
|  63|0x000000070ac00000, 0x000000070ac00000, 0x000000070ae00000|  0%| F|  |TAMS 0x000000070ac00000| PB 0x000000070ac00000| Untracked 
|  64|0x000000070ae00000, 0x000000070ae00000, 0x000000070b000000|  0%| F|  |TAMS 0x000000070ae00000| PB 0x000000070ae00000| Untracked 
|  65|0x000000070b000000, 0x000000070b000000, 0x000000070b200000|  0%| F|  |TAMS 0x000000070b000000| PB 0x000000070b000000| Untracked 
|  66|0x000000070b200000, 0x000000070b200000, 0x000000070b400000|  0%| F|  |TAMS 0x000000070b200000| PB 0x000000070b200000| Untracked 
|  67|0x000000070b400000, 0x000000070b400000, 0x000000070b600000|  0%| F|  |TAMS 0x000000070b400000| PB 0x000000070b400000| Untracked 
|  68|0x000000070b600000, 0x000000070b600000, 0x000000070b800000|  0%| F|  |TAMS 0x000000070b600000| PB 0x000000070b600000| Untracked 
|  69|0x000000070b800000, 0x000000070b800000, 0x000000070ba00000|  0%| F|  |TAMS 0x000000070b800000| PB 0x000000070b800000| Untracked 
|  70|0x000000070ba00000, 0x000000070ba00000, 0x000000070bc00000|  0%| F|  |TAMS 0x000000070ba00000| PB 0x000000070ba00000| Untracked 
|  71|0x000000070bc00000, 0x000000070bc00000, 0x000000070be00000|  0%| F|  |TAMS 0x000000070bc00000| PB 0x000000070bc00000| Untracked 
|  72|0x000000070be00000, 0x000000070be00000, 0x000000070c000000|  0%| F|  |TAMS 0x000000070be00000| PB 0x000000070be00000| Untracked 
|  73|0x000000070c000000, 0x000000070c000000, 0x000000070c200000|  0%| F|  |TAMS 0x000000070c000000| PB 0x000000070c000000| Untracked 
|  74|0x000000070c200000, 0x000000070c200000, 0x000000070c400000|  0%| F|  |TAMS 0x000000070c200000| PB 0x000000070c200000| Untracked 
|  75|0x000000070c400000, 0x000000070c400000, 0x000000070c600000|  0%| F|  |TAMS 0x000000070c400000| PB 0x000000070c400000| Untracked 
|  76|0x000000070c600000, 0x000000070c600000, 0x000000070c800000|  0%| F|  |TAMS 0x000000070c600000| PB 0x000000070c600000| Untracked 
|  77|0x000000070c800000, 0x000000070c800000, 0x000000070ca00000|  0%| F|  |TAMS 0x000000070c800000| PB 0x000000070c800000| Untracked 
|  78|0x000000070ca00000, 0x000000070ca00000, 0x000000070cc00000|  0%| F|  |TAMS 0x000000070ca00000| PB 0x000000070ca00000| Untracked 
|  79|0x000000070cc00000, 0x000000070cc00000, 0x000000070ce00000|  0%| F|  |TAMS 0x000000070cc00000| PB 0x000000070cc00000| Untracked 
|  80|0x000000070ce00000, 0x000000070ce00000, 0x000000070d000000|  0%| F|  |TAMS 0x000000070ce00000| PB 0x000000070ce00000| Untracked 
|  81|0x000000070d000000, 0x000000070d000000, 0x000000070d200000|  0%| F|  |TAMS 0x000000070d000000| PB 0x000000070d000000| Untracked 
|  82|0x000000070d200000, 0x000000070d200000, 0x000000070d400000|  0%| F|  |TAMS 0x000000070d200000| PB 0x000000070d200000| Untracked 
|  83|0x000000070d400000, 0x000000070d400000, 0x000000070d600000|  0%| F|  |TAMS 0x000000070d400000| PB 0x000000070d400000| Untracked 
|  84|0x000000070d600000, 0x000000070d600000, 0x000000070d800000|  0%| F|  |TAMS 0x000000070d600000| PB 0x000000070d600000| Untracked 
|  85|0x000000070d800000, 0x000000070d800000, 0x000000070da00000|  0%| F|  |TAMS 0x000000070d800000| PB 0x000000070d800000| Untracked 
|  86|0x000000070da00000, 0x000000070da00000, 0x000000070dc00000|  0%| F|  |TAMS 0x000000070da00000| PB 0x000000070da00000| Untracked 
|  87|0x000000070dc00000, 0x000000070dc00000, 0x000000070de00000|  0%| F|  |TAMS 0x000000070dc00000| PB 0x000000070dc00000| Untracked 
|  88|0x000000070de00000, 0x000000070de00000, 0x000000070e000000|  0%| F|  |TAMS 0x000000070de00000| PB 0x000000070de00000| Untracked 
|  89|0x000000070e000000, 0x000000070e000000, 0x000000070e200000|  0%| F|  |TAMS 0x000000070e000000| PB 0x000000070e000000| Untracked 
|  90|0x000000070e200000, 0x000000070e200000, 0x000000070e400000|  0%| F|  |TAMS 0x000000070e200000| PB 0x000000070e200000| Untracked 
|  91|0x000000070e400000, 0x000000070e400000, 0x000000070e600000|  0%| F|  |TAMS 0x000000070e400000| PB 0x000000070e400000| Untracked 
|  92|0x000000070e600000, 0x000000070e600000, 0x000000070e800000|  0%| F|  |TAMS 0x000000070e600000| PB 0x000000070e600000| Untracked 
|  93|0x000000070e800000, 0x000000070e800000, 0x000000070ea00000|  0%| F|  |TAMS 0x000000070e800000| PB 0x000000070e800000| Untracked 
|  94|0x000000070ea00000, 0x000000070ea00000, 0x000000070ec00000|  0%| F|  |TAMS 0x000000070ea00000| PB 0x000000070ea00000| Untracked 
|  95|0x000000070ec00000, 0x000000070ec00000, 0x000000070ee00000|  0%| F|  |TAMS 0x000000070ec00000| PB 0x000000070ec00000| Untracked 
|  96|0x000000070ee00000, 0x000000070ee00000, 0x000000070f000000|  0%| F|  |TAMS 0x000000070ee00000| PB 0x000000070ee00000| Untracked 
|  97|0x000000070f000000, 0x000000070f000000, 0x000000070f200000|  0%| F|  |TAMS 0x000000070f000000| PB 0x000000070f000000| Untracked 
|  98|0x000000070f200000, 0x000000070f200000, 0x000000070f400000|  0%| F|  |TAMS 0x000000070f200000| PB 0x000000070f200000| Untracked 
|  99|0x000000070f400000, 0x000000070f400000, 0x000000070f600000|  0%| F|  |TAMS 0x000000070f400000| PB 0x000000070f400000| Untracked 
| 100|0x000000070f600000, 0x000000070f600000, 0x000000070f800000|  0%| F|  |TAMS 0x000000070f600000| PB 0x000000070f600000| Untracked 
| 101|0x000000070f800000, 0x000000070f800000, 0x000000070fa00000|  0%| F|  |TAMS 0x000000070f800000| PB 0x000000070f800000| Untracked 
| 102|0x000000070fa00000, 0x000000070fa00000, 0x000000070fc00000|  0%| F|  |TAMS 0x000000070fa00000| PB 0x000000070fa00000| Untracked 
| 103|0x000000070fc00000, 0x000000070fc00000, 0x000000070fe00000|  0%| F|  |TAMS 0x000000070fc00000| PB 0x000000070fc00000| Untracked 
| 104|0x000000070fe00000, 0x000000070fe00000, 0x0000000710000000|  0%| F|  |TAMS 0x000000070fe00000| PB 0x000000070fe00000| Untracked 
| 105|0x0000000710000000, 0x0000000710000000, 0x0000000710200000|  0%| F|  |TAMS 0x0000000710000000| PB 0x0000000710000000| Untracked 
| 106|0x0000000710200000, 0x0000000710200000, 0x0000000710400000|  0%| F|  |TAMS 0x0000000710200000| PB 0x0000000710200000| Untracked 
| 107|0x0000000710400000, 0x0000000710400000, 0x0000000710600000|  0%| F|  |TAMS 0x0000000710400000| PB 0x0000000710400000| Untracked 
| 108|0x0000000710600000, 0x0000000710600000, 0x0000000710800000|  0%| F|  |TAMS 0x0000000710600000| PB 0x0000000710600000| Untracked 
| 109|0x0000000710800000, 0x0000000710800000, 0x0000000710a00000|  0%| F|  |TAMS 0x0000000710800000| PB 0x0000000710800000| Untracked 
| 110|0x0000000710a00000, 0x0000000710a00000, 0x0000000710c00000|  0%| F|  |TAMS 0x0000000710a00000| PB 0x0000000710a00000| Untracked 
| 111|0x0000000710c00000, 0x0000000710c08cd0, 0x0000000710e00000|  1%| S|CS|TAMS 0x0000000710c00000| PB 0x0000000710c00000| Complete 
| 112|0x0000000710e00000, 0x0000000711000000, 0x0000000711000000|100%| S|CS|TAMS 0x0000000710e00000| PB 0x0000000710e00000| Complete 
| 113|0x0000000711000000, 0x0000000711000000, 0x0000000711200000|  0%| F|  |TAMS 0x0000000711000000| PB 0x0000000711000000| Untracked 
| 114|0x0000000711200000, 0x0000000711200000, 0x0000000711400000|  0%| F|  |TAMS 0x0000000711200000| PB 0x0000000711200000| Untracked 
| 115|0x0000000711400000, 0x0000000711400000, 0x0000000711600000|  0%| F|  |TAMS 0x0000000711400000| PB 0x0000000711400000| Untracked 
| 116|0x0000000711600000, 0x000000071172b910, 0x0000000711800000| 58%| E|  |TAMS 0x0000000711600000| PB 0x0000000711600000| Complete 
| 117|0x0000000711800000, 0x0000000711a00000, 0x0000000711a00000|100%| E|CS|TAMS 0x0000000711800000| PB 0x0000000711800000| Complete 
| 118|0x0000000711a00000, 0x0000000711c00000, 0x0000000711c00000|100%| E|CS|TAMS 0x0000000711a00000| PB 0x0000000711a00000| Complete 
| 119|0x0000000711c00000, 0x0000000711e00000, 0x0000000711e00000|100%| E|CS|TAMS 0x0000000711c00000| PB 0x0000000711c00000| Complete 
| 120|0x0000000711e00000, 0x0000000712000000, 0x0000000712000000|100%| E|CS|TAMS 0x0000000711e00000| PB 0x0000000711e00000| Complete 
| 121|0x0000000712000000, 0x0000000712200000, 0x0000000712200000|100%| E|CS|TAMS 0x0000000712000000| PB 0x0000000712000000| Complete 
| 122|0x0000000712200000, 0x0000000712400000, 0x0000000712400000|100%| E|CS|TAMS 0x0000000712200000| PB 0x0000000712200000| Complete 
| 123|0x0000000712400000, 0x0000000712600000, 0x0000000712600000|100%| E|CS|TAMS 0x0000000712400000| PB 0x0000000712400000| Complete 
| 124|0x0000000712600000, 0x0000000712800000, 0x0000000712800000|100%| E|CS|TAMS 0x0000000712600000| PB 0x0000000712600000| Complete 
| 125|0x0000000712800000, 0x0000000712a00000, 0x0000000712a00000|100%| E|CS|TAMS 0x0000000712800000| PB 0x0000000712800000| Complete 
| 126|0x0000000712a00000, 0x0000000712c00000, 0x0000000712c00000|100%| E|CS|TAMS 0x0000000712a00000| PB 0x0000000712a00000| Complete 

Card table byte_map: [0x000001a637410000,0x000001a637c00000] _byte_map_base: 0x000001a633bf9000

Marking Bits: (CMBitMap*) 0x000001a61f685b20
 Bits: [0x000001a6383f0000, 0x000001a63c338000)

Polling page: 0x000001a61d5b0000

Metaspace:

Usage:
  Non-class:     14.14 MB used.
      Class:      1.92 MB used.
       Both:     16.06 MB used.

Virtual space:
  Non-class space:       64.00 MB reserved,      14.25 MB ( 22%) committed,  1 nodes.
      Class space:        1.00 GB reserved,       2.06 MB ( <1%) committed,  1 nodes.
             Both:        1.06 GB reserved,      16.31 MB (  1%) committed. 

Chunk freelists:
   Non-Class:  1.51 MB
       Class:  1.99 MB
        Both:  3.50 MB

MaxMetaspaceSize: unlimited
CompressedClassSpaceSize: 1.00 GB
Initial GC threshold: 21.00 MB
Current GC threshold: 21.00 MB
CDS: on
MetaspaceReclaimPolicy: balanced
 - commit_granule_bytes: 65536.
 - commit_granule_words: 8192.
 - virtual_space_node_default_size: 8388608.
 - enlarge_chunks_in_place: 1.
 - new_chunks_are_fully_committed: 0.
 - uncommit_free_chunks: 1.
 - use_allocation_guard: 0.


Internal statistics:

num_allocs_failed_limit: 0.
num_arena_births: 238.
num_arena_deaths: 0.
num_vsnodes_births: 2.
num_vsnodes_deaths: 0.
num_space_committed: 261.
num_space_uncommitted: 0.
num_chunks_returned_to_freelist: 0.
num_chunks_taken_from_freelist: 798.
num_chunk_merges: 0.
num_chunk_splits: 537.
num_chunks_enlarged: 415.
num_inconsistent_stats: 0.

CodeHeap 'non-profiled nmethods': size=120000Kb used=778Kb max_used=778Kb free=119222Kb
 bounds [0x000001a62f1a0000, 0x000001a62f410000, 0x000001a6366d0000]
CodeHeap 'profiled nmethods': size=120000Kb used=4232Kb max_used=4232Kb free=115767Kb
 bounds [0x000001a6276d0000, 0x000001a627b00000, 0x000001a62ec00000]
CodeHeap 'non-nmethods': size=5760Kb used=1458Kb max_used=1473Kb free=4301Kb
 bounds [0x000001a62ec00000, 0x000001a62ee70000, 0x000001a62f1a0000]
 total_blobs=2707 nmethods=2213 adapters=404
 compilation: enabled
              stopped_count=0, restarted_count=0
 full_count=0

Compilation events (20 events):
Event: 1.220 Thread 0x000001a63efc7e60 2194       3       java.util.stream.ReferencePipeline$3::<init> (15 bytes)
Event: 1.220 Thread 0x000001a63efc7e60 nmethod 2194 0x000001a627aeb590 code [0x000001a627aeb740, 0x000001a627aeb9c0]
Event: 1.222 Thread 0x000001a63efc7e60 2196       3       java.util.stream.Sink::end (1 bytes)
Event: 1.222 Thread 0x000001a63efc7e60 nmethod 2196 0x000001a627aebb10 code [0x000001a627aebca0, 0x000001a627aebdb0]
Event: 1.222 Thread 0x000001a63efb1c30 nmethod 2158 0x000001a62f25fc90 code [0x000001a62f25fe00, 0x000001a62f260220]
Event: 1.222 Thread 0x000001a63efb1c30 2121       4       jdk.internal.jimage.BasicImageReader::verifyLocation (39 bytes)
Event: 1.223 Thread 0x000001a63efc7e60 2197       3       org.springframework.util.ConcurrentReferenceHashMap$Segment::lambda$doTask$0 (43 bytes)
Event: 1.223 Thread 0x000001a63efc7e60 nmethod 2197 0x000001a627aebe10 code [0x000001a627aebfe0, 0x000001a627aec528]
Event: 1.223 Thread 0x000001a63efc7e60 2198       3       org.springframework.util.ConcurrentReferenceHashMap$Entry::<init> (15 bytes)
Event: 1.224 Thread 0x000001a63efc7e60 nmethod 2198 0x000001a627aec790 code [0x000001a627aec920, 0x000001a627aecb58]
Event: 1.224 Thread 0x000001a63efc7e60 2201       3       java.util.RegularEnumSet$EnumSetIterator::next (5 bytes)
Event: 1.224 Thread 0x000001a63efc7e60 nmethod 2201 0x000001a627aecc10 code [0x000001a627aecda0, 0x000001a627aecef0]
Event: 1.224 Thread 0x000001a63efc7e60 2202       3       java.util.RegularEnumSet$EnumSetIterator::next (60 bytes)
Event: 1.224 Thread 0x000001a63efc7e60 nmethod 2202 0x000001a627aecf90 code [0x000001a627aed140, 0x000001a627aed3f0]
Event: 1.224 Thread 0x000001a63efc7e60 2203       3       java.lang.Long::numberOfTrailingZeros (26 bytes)
Event: 1.224 Thread 0x000001a63efc7e60 nmethod 2203 0x000001a627aed590 code [0x000001a627aed740, 0x000001a627aed8f0]
Event: 1.225 Thread 0x000001a63efc7e60 2205       3       org.springframework.core.type.classreading.SimpleMethodMetadataReadingVisitor::visitEnd (56 bytes)
Event: 1.226 Thread 0x000001a63efc7e60 nmethod 2205 0x000001a627aed990 code [0x000001a627aedbe0, 0x000001a627aee510]
Event: 1.226 Thread 0x000001a63efc7e60 2207       3       org.springframework.boot.autoconfigure.AutoConfigurationMetadataLoader$PropertiesAutoConfigurationMetadata::getSet (23 bytes)
Event: 1.227 Thread 0x000001a63efc7e60 nmethod 2207 0x000001a627aee910 code [0x000001a627aeedc0, 0x000001a627af1360]

GC Heap History (4 events):
Event: 0.662 GC heap before
{Heap before GC invocations=0 (full 0):
 garbage-first heap   total 260096K, used 20480K [0x0000000702e00000, 0x0000000800000000)
  region size 2048K, 11 young (22528K), 0 survivors (0K)
 Metaspace       used 6078K, committed 6208K, reserved 1114112K
  class space    used 704K, committed 768K, reserved 1048576K
}
Event: 0.665 GC heap after
{Heap after GC invocations=1 (full 0):
 garbage-first heap   total 260096K, used 6744K [0x0000000702e00000, 0x0000000800000000)
  region size 2048K, 2 young (4096K), 2 survivors (4096K)
 Metaspace       used 6078K, committed 6208K, reserved 1114112K
  class space    used 704K, committed 768K, reserved 1048576K
}
Event: 0.943 GC heap before
{Heap before GC invocations=1 (full 0):
 garbage-first heap   total 260096K, used 29272K [0x0000000702e00000, 0x0000000800000000)
  region size 2048K, 14 young (28672K), 2 survivors (4096K)
 Metaspace       used 12629K, committed 12928K, reserved 1114112K
  class space    used 1501K, committed 1664K, reserved 1048576K
}
Event: 0.946 GC heap after
{Heap after GC invocations=2 (full 0):
 garbage-first heap   total 260096K, used 8399K [0x0000000702e00000, 0x0000000800000000)
  region size 2048K, 2 young (4096K), 2 survivors (4096K)
 Metaspace       used 12629K, committed 12928K, reserved 1114112K
  class space    used 1501K, committed 1664K, reserved 1048576K
}

Dll operation events (6 events):
Event: 0.029 Loaded shared library C:\Program Files\Java\jdk-20\bin\java.dll
Event: 0.113 Loaded shared library C:\Program Files\Java\jdk-20\bin\jsvml.dll
Event: 0.216 Loaded shared library C:\Program Files\Java\jdk-20\bin\net.dll
Event: 0.218 Loaded shared library C:\Program Files\Java\jdk-20\bin\nio.dll
Event: 0.224 Loaded shared library C:\Program Files\Java\jdk-20\bin\zip.dll
Event: 0.296 Loaded shared library C:\Program Files\Java\jdk-20\bin\jimage.dll

Deoptimization events (20 events):
Event: 1.091 Thread 0x000001a61f615360 DEOPT PACKING pc=0x000001a6277d77ce sp=0x0000007d989fe500
Event: 1.091 Thread 0x000001a61f615360 DEOPT UNPACKING pc=0x000001a62ec6a4c2 sp=0x0000007d989fd9e8 mode 0
Event: 1.091 Thread 0x000001a61f615360 DEOPT PACKING pc=0x000001a6277dd9ad sp=0x0000007d989fe4f0
Event: 1.091 Thread 0x000001a61f615360 DEOPT UNPACKING pc=0x000001a62ec6a4c2 sp=0x0000007d989fd9e0 mode 0
Event: 1.091 Thread 0x000001a61f615360 DEOPT PACKING pc=0x000001a6277d77ce sp=0x0000007d989fe500
Event: 1.091 Thread 0x000001a61f615360 DEOPT UNPACKING pc=0x000001a62ec6a4c2 sp=0x0000007d989fd9e8 mode 0
Event: 1.119 Thread 0x000001a61f615360 Uncommon trap: trap_request=0xffffffc6 fr.pc=0x000001a62f220528 relative=0x00000000000008a8
Event: 1.119 Thread 0x000001a61f615360 Uncommon trap: reason=bimorphic_or_optimized_type_check action=maybe_recompile pc=0x000001a62f220528 method=java.util.HashMap.putVal(ILjava/lang/Object;Ljava/lang/Object;ZZ)Ljava/lang/Object; @ 91 c2
Event: 1.119 Thread 0x000001a61f615360 DEOPT PACKING pc=0x000001a62f220528 sp=0x0000007d989fe4b0
Event: 1.119 Thread 0x000001a61f615360 DEOPT UNPACKING pc=0x000001a62ec69d22 sp=0x0000007d989fe3c0 mode 2
Event: 1.140 Thread 0x000001a61f615360 Uncommon trap: trap_request=0xffffff45 fr.pc=0x000001a62f203bdc relative=0x0000000000000a7c
Event: 1.140 Thread 0x000001a61f615360 Uncommon trap: reason=unstable_if action=reinterpret pc=0x000001a62f203bdc method=jdk.internal.org.objectweb.asm.SymbolTable.put(Ljdk/internal/org/objectweb/asm/SymbolTable$Entry;)Ljdk/internal/org/objectweb/asm/SymbolTable$Entry; @ 13 c2
Event: 1.140 Thread 0x000001a61f615360 DEOPT PACKING pc=0x000001a62f203bdc sp=0x0000007d989fcad0
Event: 1.140 Thread 0x000001a61f615360 DEOPT UNPACKING pc=0x000001a62ec69d22 sp=0x0000007d989fca08 mode 2
Event: 1.207 Thread 0x000001a61f615360 Uncommon trap: trap_request=0xffffff45 fr.pc=0x000001a62f253098 relative=0x0000000000000bd8
Event: 1.207 Thread 0x000001a61f615360 Uncommon trap: reason=unstable_if action=reinterpret pc=0x000001a62f253098 method=jdk.internal.jimage.ImageStringsReader.stringFromByteBufferMatches(Ljava/nio/ByteBuffer;ILjava/lang/String;I)I @ 48 c2
Event: 1.207 Thread 0x000001a61f615360 DEOPT PACKING pc=0x000001a62f253098 sp=0x0000007d989fdbe0
Event: 1.207 Thread 0x000001a61f615360 DEOPT UNPACKING pc=0x000001a62ec69d22 sp=0x0000007d989fd918 mode 2
Event: 1.210 Thread 0x000001a61f615360 DEOPT PACKING pc=0x000001a627a31c58 sp=0x0000007d989fcf40
Event: 1.210 Thread 0x000001a61f615360 DEOPT UNPACKING pc=0x000001a62ec6a4c2 sp=0x0000007d989fc3d0 mode 0

Classes loaded (20 events):
Event: 0.989 Loading class java/util/regex/Pattern$Pos
Event: 0.989 Loading class sun/nio/fs/WindowsPath$WindowsPathWithAttributes
Event: 0.989 Loading class java/util/regex/Pattern$Pos done
Event: 0.989 Loading class sun/nio/fs/BasicFileAttributesHolder
Event: 0.989 Loading class sun/nio/fs/BasicFileAttributesHolder done
Event: 0.989 Loading class sun/nio/fs/WindowsPath$WindowsPathWithAttributes done
Event: 0.990 Loading class java/util/regex/Pattern$LazyLoop
Event: 0.990 Loading class java/util/regex/Pattern$Loop
Event: 0.990 Loading class java/util/regex/Pattern$Loop done
Event: 0.990 Loading class java/util/regex/Pattern$LazyLoop done
Event: 0.990 Loading class java/util/regex/Pattern$Prolog
Event: 0.990 Loading class java/util/regex/Pattern$Prolog done
Event: 0.994 Loading class java/lang/AssertionError
Event: 0.994 Loading class java/lang/AssertionError done
Event: 1.046 Loading class java/lang/Thread$ThreadNumbering
Event: 1.046 Loading class java/lang/Thread$ThreadNumbering done
Event: 1.057 Loading class javax/naming/ldap/LdapContext
Event: 1.058 Loading class javax/naming/directory/DirContext
Event: 1.058 Loading class javax/naming/directory/DirContext done
Event: 1.058 Loading class javax/naming/ldap/LdapContext done

Classes unloaded (0 events):
No events

Classes redefined (0 events):
No events

Internal exceptions (20 events):
Event: 0.748 Thread 0x000001a61f615360 Exception <a 'java/lang/NoSuchMethodError'{0x00000007129ff3b8}: 'java.lang.Object java.lang.invoke.DirectMethodHandle$Holder.invokeStaticInit(java.lang.Object, long, java.lang.Object)'> (0x00000007129ff3b8) 
thrown [s\open\src\hotspot\share\interpreter\linkResolver.cpp, line 773]
Event: 0.748 Thread 0x000001a61f615360 Exception <a 'java/lang/NoSuchMethodError'{0x00000007126057d0}: 'java.lang.Object java.lang.invoke.DirectMethodHandle$Holder.newInvokeSpecial(java.lang.Object, long)'> (0x00000007126057d0) 
thrown [s\open\src\hotspot\share\interpreter\linkResolver.cpp, line 773]
Event: 0.757 Thread 0x000001a61f615360 Exception <a 'java/lang/NoSuchMethodError'{0x0000000712651f90}: 'void java.lang.invoke.DirectMethodHandle$Holder.invokeVirtual(java.lang.Object, java.lang.Object, java.lang.Object, java.lang.Object)'> (0x0000000712651f90) 
thrown [s\open\src\hotspot\share\interpreter\linkResolver.cpp, line 773]
Event: 0.786 Thread 0x000001a61f615360 Exception <a 'java/lang/NoSuchMethodError'{0x000000071277a8f0}: 'void java.lang.invoke.DirectMethodHandle$Holder.invokeSpecial(java.lang.Object, java.lang.Object, java.lang.Object)'> (0x000000071277a8f0) 
thrown [s\open\src\hotspot\share\interpreter\linkResolver.cpp, line 773]
Event: 0.787 Thread 0x000001a61f615360 Exception <a 'java/lang/NoSuchMethodError'{0x0000000712780be0}: 'void java.lang.invoke.DirectMethodHandle$Holder.invokeSpecial(java.lang.Object, java.lang.Object, java.lang.Object, java.lang.Object, java.lang.Object)'> (0x0000000712780be0) 
thrown [s\open\src\hotspot\share\interpreter\linkResolver.cpp, line 773]
Event: 0.792 Thread 0x000001a643ecab50 Exception <a 'java/lang/NoClassDefFoundError'{0x00000007127d3730}: jakarta/validation/Validation> (0x00000007127d3730) 
thrown [s\open\src\hotspot\share\classfile\systemDictionary.cpp, line 294]
Event: 0.794 Thread 0x000001a61f615360 Exception <a 'java/lang/IncompatibleClassChangeError'{0x00000007127ab6c0}: Found class java.lang.Object, but interface was expected> (0x00000007127ab6c0) 
thrown [s\open\src\hotspot\share\interpreter\linkResolver.cpp, line 840]
Event: 0.797 Thread 0x000001a61f615360 Exception <a 'java/lang/NoSuchMethodError'{0x0000000712434350}: 'java.lang.Object java.lang.invoke.DirectMethodHandle$Holder.invokeStaticInit(java.lang.Object, int)'> (0x0000000712434350) 
thrown [s\open\src\hotspot\share\interpreter\linkResolver.cpp, line 773]
Event: 0.798 Thread 0x000001a61f615360 Exception <a 'java/lang/NoSuchMethodError'{0x000000071243f3f8}: 'java.lang.Object java.lang.invoke.DirectMethodHandle$Holder.invokeStatic(java.lang.Object, int, java.lang.Object)'> (0x000000071243f3f8) 
thrown [s\open\src\hotspot\share\interpreter\linkResolver.cpp, line 773]
Event: 0.799 Thread 0x000001a61f615360 Exception <a 'java/lang/NoSuchMethodError'{0x0000000712442a48}: 'java.lang.Object java.lang.invoke.DirectMethodHandle$Holder.invokeStaticInit(java.lang.Object, int, java.lang.Object)'> (0x0000000712442a48) 
thrown [s\open\src\hotspot\share\interpreter\linkResolver.cpp, line 773]
Event: 0.875 Thread 0x000001a61f615360 Exception <a 'java/lang/NoSuchMethodError'{0x0000000711dbabd0}: 'int java.lang.invoke.Invokers$Holder.invokeExact_MT(java.lang.Object, java.lang.Object)'> (0x0000000711dbabd0) 
thrown [s\open\src\hotspot\share\interpreter\linkResolver.cpp, line 773]
Event: 0.985 Thread 0x000001a61f615360 Exception <a 'java/lang/NoSuchMethodError'{0x00000007127202e0}: 'int java.lang.invoke.DirectMethodHandle$Holder.invokeSpecial(java.lang.Object, java.lang.Object, java.lang.Object, java.lang.Object, java.lang.Object)'> (0x00000007127202e0) 
thrown [s\open\src\hotspot\share\interpreter\linkResolver.cpp, line 773]
Event: 0.987 Thread 0x000001a61f615360 Exception <a 'java/lang/NoSuchMethodError'{0x0000000712728e50}: 'void java.lang.invoke.DirectMethodHandle$Holder.invokeVirtual(java.lang.Object, java.lang.Object)'> (0x0000000712728e50) 
thrown [s\open\src\hotspot\share\interpreter\linkResolver.cpp, line 773]
Event: 0.995 Thread 0x000001a643ecab50 Exception <a 'java/lang/NoSuchMethodError'{0x000000071247b068}: 'long java.lang.invoke.DirectMethodHandle$Holder.invokeSpecial(java.lang.Object, java.lang.Object)'> (0x000000071247b068) 
thrown [s\open\src\hotspot\share\interpreter\linkResolver.cpp, line 773]
Event: 0.996 Thread 0x000001a643ecab50 Exception <a 'java/lang/NoSuchMethodError'{0x0000000712486158}: 'long java.lang.invoke.DirectMethodHandle$Holder.invokeStatic(java.lang.Object, java.lang.Object)'> (0x0000000712486158) 
thrown [s\open\src\hotspot\share\interpreter\linkResolver.cpp, line 773]
Event: 0.996 Thread 0x000001a643ecab50 Exception <a 'java/lang/NoSuchMethodError'{0x00000007124894c0}: 'long java.lang.invoke.DirectMethodHandle$Holder.invokeStaticInit(java.lang.Object, java.lang.Object)'> (0x00000007124894c0) 
thrown [s\open\src\hotspot\share\interpreter\linkResolver.cpp, line 773]
Event: 0.997 Thread 0x000001a643ecab50 Exception <a 'java/lang/NoSuchMethodError'{0x00000007124fce28}: 'long java.lang.invoke.DirectMethodHandle$Holder.invokeInterface(java.lang.Object, java.lang.Object)'> (0x00000007124fce28) 
thrown [s\open\src\hotspot\share\interpreter\linkResolver.cpp, line 773]
Event: 0.997 Thread 0x000001a643ecab50 Exception <a 'java/lang/IncompatibleClassChangeError'{0x00000007125000d8}: Found class java.lang.Object, but interface was expected> (0x00000007125000d8) 
thrown [s\open\src\hotspot\share\interpreter\linkResolver.cpp, line 840]
Event: 1.003 Thread 0x000001a643ecab50 Exception <a 'java/lang/NoSuchMethodError'{0x00000007125c5620}: 'java.lang.Object java.lang.invoke.DirectMethodHandle$Holder.invokeVirtual(java.lang.Object, java.lang.Object, java.lang.Object, java.lang.Object)'> (0x00000007125c5620) 
thrown [s\open\src\hotspot\share\interpreter\linkResolver.cpp, line 773]
Event: 1.087 Thread 0x000001a61f615360 Exception <a 'java/lang/IncompatibleClassChangeError'{0x0000000711ffbff0}: Found class java.lang.Object, but interface was expected> (0x0000000711ffbff0) 
thrown [s\open\src\hotspot\share\interpreter\linkResolver.cpp, line 840]

VM Operations (20 events):
Event: 0.662 Executing VM operation: G1CollectForAllocation
Event: 0.666 Executing VM operation: G1CollectForAllocation done
Event: 0.710 Executing VM operation: HandshakeAllThreads
Event: 0.710 Executing VM operation: HandshakeAllThreads done
Event: 0.782 Executing VM operation: HandshakeAllThreads
Event: 0.782 Executing VM operation: HandshakeAllThreads done
Event: 0.784 Executing VM operation: HandshakeAllThreads
Event: 0.784 Executing VM operation: HandshakeAllThreads done
Event: 0.900 Executing VM operation: HandshakeAllThreads
Event: 0.900 Executing VM operation: HandshakeAllThreads done
Event: 0.903 Executing VM operation: ICBufferFull
Event: 0.904 Executing VM operation: ICBufferFull done
Event: 0.943 Executing VM operation: G1CollectForAllocation
Event: 0.943 Executing VM operation: G1CollectForAllocation done
Event: 0.943 Executing VM operation: G1CollectForAllocation
Event: 0.946 Executing VM operation: G1CollectForAllocation done
Event: 0.976 Executing VM operation: HandshakeAllThreads
Event: 0.976 Executing VM operation: HandshakeAllThreads done
Event: 1.178 Executing VM operation: ICBufferFull
Event: 1.179 Executing VM operation: ICBufferFull done

Events (16 events):
Event: 0.113 Thread 0x000001a61f615360 Thread added: 0x000001a61f615360
Event: 0.155 Thread 0x000001a63efa4ad0 Thread added: 0x000001a63efa4ad0
Event: 0.155 Thread 0x000001a63efa58d0 Thread added: 0x000001a63efa58d0
Event: 0.157 Thread 0x000001a63efa9690 Thread added: 0x000001a63efa9690
Event: 0.157 Thread 0x000001a63efa9fd0 Thread added: 0x000001a63efa9fd0
Event: 0.157 Thread 0x000001a63efad930 Thread added: 0x000001a63efad930
Event: 0.157 Thread 0x000001a63efae270 Thread added: 0x000001a63efae270
Event: 0.157 Thread 0x000001a63efb1c30 Thread added: 0x000001a63efb1c30
Event: 0.157 Thread 0x000001a63efc7e60 Thread added: 0x000001a63efc7e60
Event: 0.198 Thread 0x000001a64320de60 Thread added: 0x000001a64320de60
Event: 0.203 Thread 0x000001a643220400 Thread added: 0x000001a643220400
Event: 0.243 Thread 0x000001a63efc5770 Thread added: 0x000001a63efc5770
Event: 0.789 Thread 0x000001a643ecab50 Thread added: 0x000001a643ecab50
Event: 1.004 Thread 0x000001a643ecab50 Thread exited: 0x000001a643ecab50
Event: 1.047 Thread 0x000001a64421e3f0 Thread added: 0x000001a64421e3f0
Event: 1.068 Thread 0x000001a64421e3f0 Thread exited: 0x000001a64421e3f0


Dynamic libraries:
0x00007ff7b7370000 - 0x00007ff7b7380000 	C:\Program Files\Java\jdk-20\bin\javaw.exe
0x00007ffeb7290000 - 0x00007ffeb7488000 	C:\WINDOWS\SYSTEM32\ntdll.dll
0x00007ffeb6fb0000 - 0x00007ffeb706d000 	C:\WINDOWS\System32\KERNEL32.DLL
0x00007ffeb4f60000 - 0x00007ffeb5256000 	C:\WINDOWS\System32\KERNELBASE.dll
0x00007ffeb4dc0000 - 0x00007ffeb4ec0000 	C:\WINDOWS\System32\ucrtbase.dll
0x00007ffea7d70000 - 0x00007ffea7d89000 	C:\Program Files\Java\jdk-20\bin\jli.dll
0x00007ffeb6700000 - 0x00007ffeb67ae000 	C:\WINDOWS\System32\ADVAPI32.dll
0x00007ffeb5910000 - 0x00007ffeb59ae000 	C:\WINDOWS\System32\msvcrt.dll
0x00007ffeb7130000 - 0x00007ffeb71cc000 	C:\WINDOWS\System32\sechost.dll
0x00007ffeb67e0000 - 0x00007ffeb6906000 	C:\WINDOWS\System32\RPCRT4.dll
0x00007ffeb52f0000 - 0x00007ffeb548e000 	C:\WINDOWS\System32\USER32.dll
0x00007ffeb4f30000 - 0x00007ffeb4f52000 	C:\WINDOWS\System32\win32u.dll
0x00007ffeb5c10000 - 0x00007ffeb5c3c000 	C:\WINDOWS\System32\GDI32.dll
0x00007ffeb4bd0000 - 0x00007ffeb4cea000 	C:\WINDOWS\System32\gdi32full.dll
0x00007ffeb4d20000 - 0x00007ffeb4dbd000 	C:\WINDOWS\System32\msvcp_win.dll
0x00007ffeae000000 - 0x00007ffeae00a000 	C:\WINDOWS\SYSTEM32\VERSION.dll
0x00007ffe9f860000 - 0x00007ffe9fafa000 	C:\WINDOWS\WinSxS\amd64_microsoft.windows.common-controls_6595b64144ccf1df_6.0.19041.1110_none_60b5254171f9507e\COMCTL32.dll
0x00007ffea7d50000 - 0x00007ffea7d6b000 	C:\Program Files\Java\jdk-20\bin\VCRUNTIME140.dll
0x00007ffeb67b0000 - 0x00007ffeb67e0000 	C:\WINDOWS\System32\IMM32.DLL
0x00007ffeb0470000 - 0x00007ffeb047c000 	C:\Program Files\Java\jdk-20\bin\vcruntime140_1.dll
0x00007ffea1ab0000 - 0x00007ffea1b3e000 	C:\Program Files\Java\jdk-20\bin\msvcp140.dll
0x00007ffe45190000 - 0x00007ffe45e27000 	C:\Program Files\Java\jdk-20\bin\server\jvm.dll
0x00007ffeac290000 - 0x00007ffeac2b7000 	C:\WINDOWS\SYSTEM32\WINMM.dll
0x00007ffeb2230000 - 0x00007ffeb2239000 	C:\WINDOWS\SYSTEM32\WSOCK32.dll
0x00007ffeb6690000 - 0x00007ffeb66fb000 	C:\WINDOWS\System32\WS2_32.dll
0x00007ffeb2740000 - 0x00007ffeb2752000 	C:\WINDOWS\SYSTEM32\kernel.appcore.dll
0x00007ffeb03d0000 - 0x00007ffeb03da000 	C:\Program Files\Java\jdk-20\bin\jimage.dll
0x00007ffeae650000 - 0x00007ffeae834000 	C:\WINDOWS\SYSTEM32\DBGHELP.DLL
0x00007ffea7990000 - 0x00007ffea79c4000 	C:\WINDOWS\SYSTEM32\dbgcore.DLL
0x00007ffeb5260000 - 0x00007ffeb52e2000 	C:\WINDOWS\System32\bcryptPrimitives.dll
0x00007ffea7b60000 - 0x00007ffea7b86000 	C:\Program Files\Java\jdk-20\bin\java.dll
0x00007ffe914b0000 - 0x00007ffe91587000 	C:\Program Files\Java\jdk-20\bin\jsvml.dll
0x00007ffeb5e50000 - 0x00007ffeb6595000 	C:\WINDOWS\System32\SHELL32.dll
0x00007ffeb2a20000 - 0x00007ffeb31bb000 	C:\WINDOWS\SYSTEM32\windows.storage.dll
0x00007ffeb69f0000 - 0x00007ffeb6d44000 	C:\WINDOWS\System32\combase.dll
0x00007ffeb4340000 - 0x00007ffeb436e000 	C:\WINDOWS\SYSTEM32\Wldp.dll
0x00007ffeb6d50000 - 0x00007ffeb6dfd000 	C:\WINDOWS\System32\SHCORE.dll
0x00007ffeb70d0000 - 0x00007ffeb7125000 	C:\WINDOWS\System32\shlwapi.dll
0x00007ffeb48a0000 - 0x00007ffeb48c5000 	C:\WINDOWS\SYSTEM32\profapi.dll
0x00007ffea7b40000 - 0x00007ffea7b53000 	C:\Program Files\Java\jdk-20\bin\net.dll
0x00007ffeadd00000 - 0x00007ffeade0a000 	C:\WINDOWS\SYSTEM32\WINHTTP.dll
0x00007ffeb4040000 - 0x00007ffeb40aa000 	C:\WINDOWS\system32\mswsock.dll
0x00007ffea7b20000 - 0x00007ffea7b36000 	C:\Program Files\Java\jdk-20\bin\nio.dll
0x00007ffea51a0000 - 0x00007ffea51b8000 	C:\Program Files\Java\jdk-20\bin\zip.dll

dbghelp: loaded successfully - version: 4.0.5 - missing functions: none
symbol engine: initialized successfully - sym options: 0x614 - pdb path: .;C:\Program Files\Java\jdk-20\bin;C:\WINDOWS\SYSTEM32;C:\WINDOWS\WinSxS\amd64_microsoft.windows.common-controls_6595b64144ccf1df_6.0.19041.1110_none_60b5254171f9507e;C:\Program Files\Java\jdk-20\bin\server

VM Arguments:
jvm_args: -Dfile.encoding=UTF-8 -XX:+ShowCodeDetailsInExceptionMessages 
java_command: com.example.springcore.QuanLyQuanAnApplication
java_class_path (initial): C:\Users\buixu\git\QLQA\QuanLyQuanAn\target\classes;C:\Users\buixu\.m2\repository\org\springframework\boot\spring-boot-starter-web\3.1.2\spring-boot-starter-web-3.1.2.jar;C:\Users\buixu\.m2\repository\org\springframework\boot\spring-boot-starter\3.1.2\spring-boot-starter-3.1.2.jar;C:\Users\buixu\.m2\repository\org\springframework\boot\spring-boot\3.1.2\spring-boot-3.1.2.jar;C:\Users\buixu\.m2\repository\org\springframework\boot\spring-boot-autoconfigure\3.1.2\spring-boot-autoconfigure-3.1.2.jar;C:\Users\buixu\.m2\repository\org\springframework\boot\spring-boot-starter-logging\3.1.2\spring-boot-starter-logging-3.1.2.jar;C:\Users\buixu\.m2\repository\ch\qos\logback\logback-classic\1.4.8\logback-classic-1.4.8.jar;C:\Users\buixu\.m2\repository\ch\qos\logback\logback-core\1.4.8\logback-core-1.4.8.jar;C:\Users\buixu\.m2\repository\org\apache\logging\log4j\log4j-to-slf4j\2.20.0\log4j-to-slf4j-2.20.0.jar;C:\Users\buixu\.m2\repository\org\apache\logging\log4j\log4j-api\2.20.0\log4j-api-2.20.0.jar;C:\Users\buixu\.m2\repository\org\slf4j\jul-to-slf4j\2.0.7\jul-to-slf4j-2.0.7.jar;C:\Users\buixu\.m2\repository\jakarta\annotation\jakarta.annotation-api\2.1.1\jakarta.annotation-api-2.1.1.jar;C:\Users\buixu\.m2\repository\org\yaml\snakeyaml\1.33\snakeyaml-1.33.jar;C:\Users\buixu\.m2\repository\org\springframework\boot\spring-boot-starter-json\3.1.2\spring-boot-starter-json-3.1.2.jar;C:\Users\buixu\.m2\repository\com\fasterxml\jackson\core\jackson-databind\2.15.2\jackson-databind-2.15.2.jar;C:\Users\buixu\.m2\repository\com\fasterxml\jackson\core\jackson-annotations\2.15.2\jackson-annotations-2.15.2.jar;C:\Users\buixu\.m2\repository\com\fasterxml\jackson\core\jackson-core\2.15.2\jackson-core-2.15.2.jar;C:\Users\buixu\.m2\repository\com\fasterxml\jackson\datatype\jackson-datatype-jdk8\2.15.2\jackson-datatype-jdk8-2.15.2.jar;C:\Users\buixu\.m2\repository\com\fasterxml\jackson\datatype\jackson-datatype-jsr310\2.15.2\jackson-datatype-jsr310-2.15.2.jar;C:\Users\buixu\.m2\repository\com\fasterxml\jackson\module\jackson-module-parameter-names\2.15.2\jackson-module-parameter-names-2.15.2.jar;C:\Users\buixu\.m2\repository\org\springframework\boot\spring-boot-starter-tomcat\3.1.2\spring-boot-starter-tomcat-3.1.2.jar;C:\Users\buixu\.m2\repository\org\apache\tomcat\embed\tomcat-embed-core\10.1.11\tomcat-embed-core-10.1.11.jar;C:\Users\buixu\.m2\repository\org\apache\tomcat\embed\tomcat-embed-el\10.1.11\tomcat-embed-el-10.1.11.jar;C:\Users\buixu\.m2\repository\org\apache\tomcat\embed\tomcat-embed-websocket\10.1.11\tomcat-embed-websocket-10.1.11.jar;C:\Users\buixu\.m2\repository\org\springframework\spring-web\6.0.11\spring-web-6.0.11.jar;C:\Users\buixu\.m2\repository\org\springframework\spring-beans\6.0.11\spring-beans-6.0.11.jar;C:\Users\buixu\.m2\repository\io\micrometer\micrometer-observation\1.11.2\micrometer-observation-1.11.2.jar;C:\Users\buixu\.m2\repository\io\micrometer\micrometer-commons\1.11.2\micrometer-commons-1.11.2.jar;C:\Users\buixu\.m2\repository\org\springframework\spring-webmvc\6.0.11\spring-webmvc-6.0.11.jar;C:\Users\buixu\.m2\repository\org\springframework\spring-aop\6.0.11\spring-aop-6.0.11.jar;C:\Users\buixu\.m2\repository\org\springframework\spring-context\6.0.11\spring-context-6.0.11.jar;C:\Users\buixu\.m2\repository\org\springframework\spring-expression\6.0.11\spring-expression-6.0.11.jar;C:\Users\buixu\.m2\repository\org\springframework\boot\spring-boot-starter-data-jpa\3.1.2\spring-boot-starter-data-jpa-3.1.2.jar;C:\Users\buixu\.m2\repository\org\springframework\boot\spring-boot-starter-aop\3.1.2\spring-boot-starter-aop-3.1.2.jar;C:\Users\buixu\.m2\repository\org\aspectj\aspectjweaver\1.9.19\aspectjweaver-1.9.19.jar;C:\Users\buixu\.m2\repository\org\springframework\boot\spring-boot-starter-jdbc\3.1.2\spring-boot-starter-jdbc-3.1.2.jar;C:\Users\buixu\.m2\repository\com\zaxxer\HikariCP\5.0.1\HikariCP-5.0.1.jar;C:\Users\buixu\.m2\repository\org\springframework\spring-jdbc\6.0.11\spring-jdbc-6.0.11.jar;C:\Users\buixu\.m2\repository\org\hibernate\orm\hibernate-core\6.2.6.Final\hibernate-core-6.2.6.Final.jar;C:\Users\buixu\.m2\repository\jakarta\persistence\jakarta.persistence-api\3.1.0\jakarta.persistence-api-3.1.0.jar;C:\Users\buixu\.m2\repository\jakarta\transaction\jakarta.transaction-api\2.0.1\jakarta.transaction-api-2.0.1.jar;C:\Users\buixu\.m2\repository\org\jboss\logging\jboss-logging\3.5.3.Final\jboss-logging-3.5.3.Final.jar;C:\Users\buixu\.m2\repository\org\hibernate\common\hibernate-commons-annotations\6.0.6.Final\hibernate-commons-annotations-6.0.6.Final.jar;C:\Users\buixu\.m2\repository\io\smallrye\jandex\3.0.5\jandex-3.0.5.jar;C:\Users\buixu\.m2\repository\com\fasterxml\classmate\1.5.1\classmate-1.5.1.jar;C:\Users\buixu\.m2\repository\net\bytebuddy\byte-buddy\1.14.5\byte-buddy-1.14.5.jar;C:\Users\buixu\.m2\repository\org\glassfish\jaxb\jaxb-runtime\4.0.3\jaxb-runtime-4.0.3.jar;C:\Users\buixu\.m2\repository\org\glassfish\jaxb\jaxb-core\4.0.3\jaxb-core-4.0.3.jar;C:\Users\buixu\.m2\repository\org\eclipse\angus\angus-activation\2.0.1\angus-activation-2.0.1.jar;C:\Users\buixu\.m2\repository\org\glassfish\jaxb\txw2\4.0.3\txw2-4.0.3.jar;C:\Users\buixu\.m2\repository\com\sun\istack\istack-commons-runtime\4.1.2\istack-commons-runtime-4.1.2.jar;C:\Users\buixu\.m2\repository\jakarta\inject\jakarta.inject-api\2.0.1\jakarta.inject-api-2.0.1.jar;C:\Users\buixu\.m2\repository\org\antlr\antlr4-runtime\4.10.1\antlr4-runtime-4.10.1.jar;C:\Users\buixu\.m2\repository\org\springframework\data\spring-data-jpa\3.1.2\spring-data-jpa-3.1.2.jar;C:\Users\buixu\.m2\repository\org\springframework\data\spring-data-commons\3.1.2\spring-data-commons-3.1.2.jar;C:\Users\buixu\.m2\repository\org\springframework\spring-orm\6.0.11\spring-orm-6.0.11.jar;C:\Users\buixu\.m2\repository\org\springframework\spring-tx\6.0.11\spring-tx-6.0.11.jar;C:\Users\buixu\.m2\repository\org\slf4j\slf4j-api\2.0.7\slf4j-api-2.0.7.jar;C:\Users\buixu\.m2\repository\org\springframework\spring-aspects\6.0.11\spring-aspects-6.0.11.jar;C:\Users\buixu\.m2\repository\com\h2database\h2\2.1.214\h2-2.1.214.jar;C:\Users\buixu\.m2\repository\com\mysql\mysql-connector-j\8.0.33\mysql-connector-j-8.0.33.jar;C:\Users\buixu\.m2\repository\jakarta\xml\bind\jakarta.xml.bind-api\4.0.0\jakarta.xml.bind-api-4.0.0.jar;C:\Users\buixu\.m2\repository\jakarta\activation\jakarta.activation-api\2.1.2\jakarta.activation-api-2.1.2.jar;C:\Users\buixu\.m2\repository\org\springframework\spring-core\6.0.11\spring-core-6.0.11.jar;C:\Users\buixu\.m2\repository\org\springframework\spring-jcl\6.0.11\spring-jcl-6.0.11.jar
Launcher Type: SUN_STANDARD

[Global flags]
     intx CICompilerCount                          = 4                                         {product} {ergonomic}
     uint ConcGCThreads                            = 3                                         {product} {ergonomic}
     uint G1ConcRefinementThreads                  = 10                                        {product} {ergonomic}
   size_t G1HeapRegionSize                         = 2097152                                   {product} {ergonomic}
    uintx GCDrainStackTargetSize                   = 64                                        {product} {ergonomic}
   size_t InitialHeapSize                          = 266338304                                 {product} {ergonomic}
   size_t MarkStackSize                            = 4194304                                   {product} {ergonomic}
   size_t MaxHeapSize                              = 4246732800                                {product} {ergonomic}
   size_t MaxNewSize                               = 2548039680                                {product} {ergonomic}
   size_t MinHeapDeltaBytes                        = 2097152                                   {product} {ergonomic}
   size_t MinHeapSize                              = 8388608                                   {product} {ergonomic}
    uintx NonNMethodCodeHeapSize                   = 5839372                                {pd product} {ergonomic}
    uintx NonProfiledCodeHeapSize                  = 122909434                              {pd product} {ergonomic}
    uintx ProfiledCodeHeapSize                     = 122909434                              {pd product} {ergonomic}
    uintx ReservedCodeCacheSize                    = 251658240                              {pd product} {ergonomic}
     bool SegmentedCodeCache                       = true                                      {product} {ergonomic}
     bool ShowCodeDetailsInExceptionMessages       = true                                   {manageable} {command line}
   size_t SoftMaxHeapSize                          = 4246732800                             {manageable} {ergonomic}
     bool UseCompressedClassPointers               = true                           {product lp64_product} {ergonomic}
     bool UseCompressedOops                        = true                           {product lp64_product} {ergonomic}
     bool UseG1GC                                  = true                                      {product} {ergonomic}
     bool UseLargePagesIndividualAllocation        = false                                  {pd product} {ergonomic}

Logging:
Log output configuration:
 #0: stdout all=warning uptime,level,tags foldmultilines=false
 #1: stderr all=off uptime,level,tags foldmultilines=false

Environment Variables:
PATH=C:/eclipse-jee-2023-06-R-win32-x86_64/eclipse//plugins/org.eclipse.justj.openjdk.hotspot.jre.full.win32.x86_64_17.0.7.v20230425-1502/jre/bin/server;C:/eclipse-jee-2023-06-R-win32-x86_64/eclipse//plugins/org.eclipse.justj.openjdk.hotspot.jre.full.win32.x86_64_17.0.7.v20230425-1502/jre/bin;C:\Program Files\Common Files\Oracle\Java\javapath;C:\WINDOWS\system32;C:\WINDOWS;C:\WINDOWS\System32\Wbem;C:\WINDOWS\System32\WindowsPowerShell\v1.0\;C:\WINDOWS\System32\OpenSSH\;C:\Program Files\Git\cmd;C:\Users\buixu\AppData\Local\Microsoft\WindowsApps;;C:\eclipse-jee-2023-06-R-win32-x86_64\eclipse;
USERNAME=buixu
OS=Windows_NT
PROCESSOR_IDENTIFIER=Intel64 Family 6 Model 151 Stepping 5, GenuineIntel
TMP=C:\Users\buixu\AppData\Local\Temp
TEMP=C:\Users\buixu\AppData\Local\Temp




---------------  S Y S T E M  ---------------

OS:
 Windows 10 , 64 bit Build 19041 (10.0.19041.3393)
OS uptime: 0 days 1:57 hours

CPU: total 12 (initial active 12) (6 cores per cpu, 2 threads per core) family 6 model 151 stepping 5 microcode 0x2c, cx8, cmov, fxsr, ht, mmx, 3dnowpref, sse, sse2, sse3, ssse3, sse4.1, sse4.2, popcnt, lzcnt, tsc, tscinvbit, avx, avx2, aes, erms, clmul, bmi1, bmi2, adx, sha, fma, vzeroupper, clflush, clflushopt, clwb, serialize, rdtscp, rdpid, fsrm, f16c, pku, cet_ibt, cet_ss

Memory: 4k page, system-wide physical 16197M (7016M free)
TotalPageFile size 32581M (AvailPageFile size 20353M)
current process WorkingSet (physical memory assigned to process): 116M, peak: 116M
current process commit charge ("private bytes"): 384M, peak: 384M

vm_info: Java HotSpot(TM) 64-Bit Server VM (20+36-2344) for windows-amd64 JRE (20+36-2344), built on 2023-02-10T19:30:15Z by "mach5one" with MS VC++ 17.1 (VS2022)

END.
